<?xml version="1.0" encoding="UTF-8"?>
<testsuite xmlns:xsi="http://www.w3.org/2001/XMLSchema-instance" xsi:noNamespaceSchemaLocation="https://maven.apache.org/surefire/maven-surefire-plugin/xsd/surefire-test-report.xsd" name="ReactiveMongoTemplateIntegrationTest" time="3.028" tests="2" errors="0" skipped="0" failures="0">
  <properties>
[...]
</properties>
  <testcase name="test saving and retrieving fundamentalStockRepository from MongoDB" classname="ReactiveMongoTemplateIntegrationTest" time="0.572"/>
  <testcase name="test saving and retrieving stockRepository from MongoDB" classname="ReactiveMongoTemplateIntegrationTest" time="0.052"/>
</testsuite>